Release 14.7 - xst P.20131013 (nt64)
Copyright (c) 1995-2013 Xilinx, Inc.  All rights reserved.
--> Parameter TMPDIR set to xst/projnav.tmp


Total REAL time to Xst completion: 0.00 secs
Total CPU time to Xst completion: 0.09 secs
 
--> Parameter xsthdpdir set to xst


Total REAL time to Xst completion: 0.00 secs
Total CPU time to Xst completion: 0.09 secs
 
--> Reading design: top_count.prj

TABLE OF CONTENTS
  1) Synthesis Options Summary
  2) HDL Parsing
  3) HDL Elaboration
  4) HDL Synthesis
       4.1) HDL Synthesis Report
  5) Advanced HDL Synthesis
       5.1) Advanced HDL Synthesis Report
  6) Low Level Synthesis
  7) Partition Report
  8) Design Summary
       8.1) Primitive and Black Box Usage
       8.2) Device utilization summary
       8.3) Partition Resource Summary
       8.4) Timing Report
            8.4.1) Clock Information
            8.4.2) Asynchronous Control Signals Information
            8.4.3) Timing Summary
            8.4.4) Timing Details
            8.4.5) Cross Clock Domains Report


=========================================================================
*                      Synthesis Options Summary                        *
=========================================================================
---- Source Parameters
Input File Name                    : "top_count.prj"
Ignore Synthesis Constraint File   : NO

---- Target Parameters
Output File Name                   : "top_count"
Output Format                      : NGC
Target Device                      : xc6slx16-2-csg324

---- Source Options
Top Module Name                    : top_count
Automatic FSM Extraction           : YES
FSM Encoding Algorithm             : Auto
Safe Implementation                : No
FSM Style                          : LUT
RAM Extraction                     : Yes
RAM Style                          : Auto
ROM Extraction                     : Yes
Shift Register Extraction          : YES
ROM Style                          : Auto
Resource Sharing                   : YES
Asynchronous To Synchronous        : NO
Shift Register Minimum Size        : 2
Use DSP Block                      : Auto
Automatic Register Balancing       : No

---- Target Options
LUT Combining                      : Auto
Reduce Control Sets                : Auto
Add IO Buffers                     : YES
Global Maximum Fanout              : 100000
Add Generic Clock Buffer(BUFG)     : 16
Register Duplication               : YES
Optimize Instantiated Primitives   : NO
Use Clock Enable                   : Auto
Use Synchronous Set                : Auto
Use Synchronous Reset              : Auto
Pack IO Registers into IOBs        : Auto
Equivalent register Removal        : YES

---- General Options
Optimization Goal                  : Speed
Optimization Effort                : 1
Power Reduction                    : NO
Keep Hierarchy                     : No
Netlist Hierarchy                  : As_Optimized
RTL Output                         : Yes
Global Optimization                : AllClockNets
Read Cores                         : YES
Write Timing Constraints           : NO
Cross Clock Analysis               : NO
Hierarchy Separator                : /
Bus Delimiter                      : <>
Case Specifier                     : Maintain
Slice Utilization Ratio            : 100
BRAM Utilization Ratio             : 100
DSP48 Utilization Ratio            : 100
Auto BRAM Packing                  : NO
Slice Utilization Ratio Delta      : 5

=========================================================================


=========================================================================
*                          HDL Parsing                                  *
=========================================================================
Analyzing Verilog file "C:\Users\Hi\Desktop\linh.dm\FPGA\counter_w3\freq_div.v" into library work
Parsing module <freq_div>.
Analyzing Verilog file "C:\Users\Hi\Desktop\linh.dm\FPGA\counter_w3\counter1\counter1.v" into library work
Parsing module <counter1>.
Analyzing Verilog file "C:\Users\Hi\Desktop\linh.dm\FPGA\counter_w3\counter1\top_count.v" into library work
Parsing module <top_count>.

=========================================================================
*                            HDL Elaboration                            *
=========================================================================

Elaborating module <top_count>.

Elaborating module <freq_div>.

Elaborating module <counter1>.
WARNING:HDLCompiler:189 - "C:\Users\Hi\Desktop\linh.dm\FPGA\counter_w3\counter1\top_count.v" Line 44: Size mismatch in connection of port <count_1>. Formal port size is 4-bit while actual signal size is 1-bit.
WARNING:HDLCompiler:189 - "C:\Users\Hi\Desktop\linh.dm\FPGA\counter_w3\counter1\top_count.v" Line 45: Size mismatch in connection of port <count_2>. Formal port size is 4-bit while actual signal size is 1-bit.

=========================================================================
*                           HDL Synthesis                               *
=========================================================================

Synthesizing Unit <top_count>.
    Related source file is "C:\Users\Hi\Desktop\linh.dm\FPGA\counter_w3\counter1\top_count.v".
    Summary:
	no macro.
Unit <top_count> synthesized.

Synthesizing Unit <freq_div>.
    Related source file is "C:\Users\Hi\Desktop\linh.dm\FPGA\counter_w3\freq_div.v".
        WIDTH_COUNT = 28
    Found 28-bit register for signal <cnt>.
    Found 28-bit adder for signal <cnt[27]_GND_2_o_add_1_OUT> created at line 13.
WARNING:Xst:737 - Found 1-bit latch for signal <clk_1hz>. Latches may be generated from incomplete case or if statements. We do not recommend the use of latches in FPGA/CPLD designs, as they may lead to timing problems.
    Found 28-bit comparator greater for signal <cnt[27]_GND_2_o_LessThan_1_o> created at line 12
    Found 28-bit comparator greater for signal <cnt[27]_GND_2_o_LessThan_5_o> created at line 21
    Found 28-bit comparator greater for signal <GND_2_o_cnt[27]_LessThan_6_o> created at line 22
    Summary:
	inferred   1 Adder/Subtractor(s).
	inferred  28 D-type flip-flop(s).
	inferred   1 Latch(s).
	inferred   3 Comparator(s).
	inferred   1 Multiplexer(s).
Unit <freq_div> synthesized.

Synthesizing Unit <counter1>.
    Related source file is "C:\Users\Hi\Desktop\linh.dm\FPGA\counter_w3\counter1\counter1.v".
WARNING:Xst:653 - Signal <count_2> is used but never assigned. This sourceless signal will be automatically connected to value GND.
    Found 4-bit register for signal <count_1>.
    Found 4-bit adder for signal <count_1[3]_GND_4_o_add_1_OUT> created at line 42.
    Found 4-bit comparator greater for signal <count_1[3]_PWR_3_o_LessThan_1_o> created at line 41
    Summary:
	inferred   1 Adder/Subtractor(s).
	inferred   4 D-type flip-flop(s).
	inferred   1 Comparator(s).
	inferred   1 Multiplexer(s).
Unit <counter1> synthesized.

=========================================================================
HDL Synthesis Report

Macro Statistics
# Adders/Subtractors                                   : 2
 28-bit adder                                          : 1
 4-bit adder                                           : 1
# Registers                                            : 2
 28-bit register                                       : 1
 4-bit register                                        : 1
# Latches                                              : 1
 1-bit latch                                           : 1
# Comparators                                          : 4
 28-bit comparator greater                             : 3
 4-bit comparator greater                              : 1
# Multiplexers                                         : 2
 28-bit 2-to-1 multiplexer                             : 1
 4-bit 2-to-1 multiplexer                              : 1

=========================================================================

=========================================================================
*                       Advanced HDL Synthesis                          *
=========================================================================


Synthesizing (advanced) Unit <counter1>.
The following registers are absorbed into counter <count_1>: 1 register on signal <count_1>.
Unit <counter1> synthesized (advanced).

Synthesizing (advanced) Unit <freq_div>.
The following registers are absorbed into counter <cnt>: 1 register on signal <cnt>.
Unit <freq_div> synthesized (advanced).

=========================================================================
Advanced HDL Synthesis Report

Macro Statistics
# Counters                                             : 2
 28-bit up counter                                     : 1
 4-bit up counter                                      : 1
# Comparators                                          : 4
 28-bit comparator greater                             : 3
 4-bit comparator greater                              : 1

=========================================================================

=========================================================================
*                         Low Level Synthesis                           *
=========================================================================
WARNING:Xst:3002 - This design contains one or more registers/latches that are directly
   incompatible with the Spartan6 architecture. The two primary causes of this is
   either a register or latch described with both an asynchronous set and
   asynchronous reset, or a register or latch described with an asynchronous
   set or reset which however has an initialization value of the opposite 
   polarity (i.e. asynchronous reset with an initialization value of 1).
    While this circuit can be built, it creates a sub-optimal implementation
   in terms of area, power and performance. For a more optimal implementation
   Xilinx highly recommends one of the following:

          1) Remove either the set or reset from all registers and latches
             if not needed for required functionality
          2) Modify the code in order to produce a synchronous set
             and/or reset (both is preferred)
          3) Ensure all registers have the same initialization value as the
             described asynchronous set or reset polarity
          4) Use the -async_to_sync option to transform the asynchronous
             set/reset to synchronous operation
             (timing simulation highly recommended when using this option)

  Please refer to http://www.xilinx.com search string "Spartan6 asynchronous set/reset" for more details.

  List of register instances with asynchronous set and reset:
    clk_1hz in unit <freq_div>


Optimizing unit <top_count> ...

Optimizing unit <freq_div> ...

Mapping all equations...
Building and optimizing final netlist ...
Found area constraint ratio of 100 (+ 5) on block top_count, actual ratio is 0.

Final Macro Processing ...

=========================================================================
Final Register Report

Macro Statistics
# Registers                                            : 32
 Flip-Flops                                            : 32

=========================================================================

=========================================================================
*                           Partition Report                            *
=========================================================================

Partition Implementation Status
-------------------------------

  No Partitions were found in this design.

-------------------------------

=========================================================================
*                            Design Summary                             *
=========================================================================

Top Level Output File Name         : top_count.ngc

Primitive and Black Box Usage:
------------------------------
# BELS                             : 149
#      GND                         : 1
#      INV                         : 2
#      LUT2                        : 24
#      LUT3                        : 5
#      LUT4                        : 5
#      LUT5                        : 16
#      LUT6                        : 30
#      MUXCY                       : 37
#      VCC                         : 1
#      XORCY                       : 28
# FlipFlops/Latches                : 33
#      FDC                         : 32
#      LD                          : 1
# Clock Buffers                    : 1
#      BUFGP                       : 1
# IO Buffers                       : 7
#      IBUF                        : 1
#      OBUF                        : 6

Device utilization summary:
---------------------------

Selected Device : 6slx16csg324-2 


Slice Logic Utilization: 
 Number of Slice Registers:              33  out of  18224     0%  
 Number of Slice LUTs:                   82  out of   9112     0%  
    Number used as Logic:                82  out of   9112     0%  

Slice Logic Distribution: 
 Number of LUT Flip Flop pairs used:     83
   Number with an unused Flip Flop:      50  out of     83    60%  
   Number with an unused LUT:             1  out of     83     1%  
   Number of fully used LUT-FF pairs:    32  out of     83    38%  
   Number of unique control sets:         3

IO Utilization: 
 Number of IOs:                           8
 Number of bonded IOBs:                   8  out of    232     3%  

Specific Feature Utilization:
 Number of BUFG/BUFGCTRLs:                1  out of     16     6%  

---------------------------
Partition Resource Summary:
---------------------------

  No Partitions were found in this design.

---------------------------


=========================================================================
Timing Report

NOTE: THESE TIMING NUMBERS ARE ONLY A SYNTHESIS ESTIMATE.
      FOR ACCURATE TIMING INFORMATION PLEASE REFER TO THE TRACE REPORT
      GENERATED AFTER PLACE-and-ROUTE.

Clock Information:
------------------
----------------------------------------+--------------------------+-------+
Clock Signal                            | Clock buffer(FF name)    | Load  |
----------------------------------------+--------------------------+-------+
freq_div/clk_1hz                        | NONE(counter1/count_1_0) | 4     |
clk                                     | BUFGP                    | 28    |
freq_div/clk_1hz_G(freq_div/clk_1hz_G:O)| NONE(*)(freq_div/clk_1hz)| 1     |
----------------------------------------+--------------------------+-------+
(*) This 1 clock signal(s) are generated by combinatorial logic,
and XST is not able to identify which are the primary clock signals.
Please use the CLOCK_SIGNAL constraint to specify the clock signal(s) generated by combinatorial logic.
INFO:Xst:2169 - HDL ADVISOR - Some clock signals were not automatically buffered by XST with BUFG/BUFR resources. Please use the buffer_type constraint in order to insert these buffers to the clock signals to help prevent skew problems.

Asynchronous Control Signals Information:
----------------------------------------
No asynchronous control signals found in this design

Timing Summary:
---------------
Speed Grade: -2

   Minimum period: 5.630ns (Maximum Frequency: 177.628MHz)
   Minimum input arrival time before clock: 4.242ns
   Maximum output required time after clock: 4.312ns
   Maximum combinational path delay: No path found

Timing Details:
---------------
All values displayed in nanoseconds (ns)

=========================================================================
Timing constraint: Default period analysis for Clock 'freq_div/clk_1hz'
  Clock period: 2.005ns (frequency: 498.753MHz)
  Total number of paths / destination ports: 15 / 4
-------------------------------------------------------------------------
Delay:               2.005ns (Levels of Logic = 1)
  Source:            counter1/count_1_0 (FF)
  Destination:       counter1/count_1_0 (FF)
  Source Clock:      freq_div/clk_1hz rising
  Destination Clock: freq_div/clk_1hz rising

  Data Path: counter1/count_1_0 to counter1/count_1_0
                                Gate     Net
    Cell:in->out      fanout   Delay   Delay  Logical Name (Net Name)
    ----------------------------------------  ------------
     FDC:C->Q              6   0.525   1.152  counter1/count_1_0 (counter1/count_1_0)
     LUT4:I0->O            1   0.254   0.000  counter1/Mcount_count_1_xor<0>11 (counter1/Mcount_count_1)
     FDC:D                     0.074          counter1/count_1_0
    ----------------------------------------
    Total                      2.005ns (0.853ns logic, 1.152ns route)
                                       (42.5% logic, 57.5% route)

=========================================================================
Timing constraint: Default period analysis for Clock 'clk'
  Clock period: 5.630ns (frequency: 177.628MHz)
  Total number of paths / destination ports: 8901 / 28
-------------------------------------------------------------------------
Delay:               5.630ns (Levels of Logic = 31)
  Source:            freq_div/cnt_9 (FF)
  Destination:       freq_div/cnt_27 (FF)
  Source Clock:      clk rising
  Destination Clock: clk rising

  Data Path: freq_div/cnt_9 to freq_div/cnt_27
                                Gate     Net
    Cell:in->out      fanout   Delay   Delay  Logical Name (Net Name)
    ----------------------------------------  ------------
     FDC:C->Q              6   0.525   1.306  freq_div/cnt_9 (freq_div/cnt_9)
     LUT6:I1->O            3   0.254   0.766  freq_div/cnt[27]_GND_2_o_LessThan_1_o_inv_inv32 (freq_div/cnt[27]_GND_2_o_LessThan_1_o_inv_inv31)
     LUT6:I5->O            1   0.254   0.682  freq_div/cnt[27]_GND_2_o_LessThan_1_o_inv_inv33_1 (freq_div/cnt[27]_GND_2_o_LessThan_1_o_inv_inv33)
     LUT6:I5->O            1   0.254   0.681  freq_div/cnt[27]_GND_2_o_LessThan_1_o_inv_inv34 (freq_div/cnt[27]_GND_2_o_LessThan_1_o_inv_inv)
     MUXCY:CI->O           1   0.023   0.000  freq_div/Mcount_cnt_cy<0> (freq_div/Mcount_cnt_cy<0>)
     MUXCY:CI->O           1   0.023   0.000  freq_div/Mcount_cnt_cy<1> (freq_div/Mcount_cnt_cy<1>)
     MUXCY:CI->O           1   0.023   0.000  freq_div/Mcount_cnt_cy<2> (freq_div/Mcount_cnt_cy<2>)
     MUXCY:CI->O           1   0.023   0.000  freq_div/Mcount_cnt_cy<3> (freq_div/Mcount_cnt_cy<3>)
     MUXCY:CI->O           1   0.023   0.000  freq_div/Mcount_cnt_cy<4> (freq_div/Mcount_cnt_cy<4>)
     MUXCY:CI->O           1   0.023   0.000  freq_div/Mcount_cnt_cy<5> (freq_div/Mcount_cnt_cy<5>)
     MUXCY:CI->O           1   0.023   0.000  freq_div/Mcount_cnt_cy<6> (freq_div/Mcount_cnt_cy<6>)
     MUXCY:CI->O           1   0.023   0.000  freq_div/Mcount_cnt_cy<7> (freq_div/Mcount_cnt_cy<7>)
     MUXCY:CI->O           1   0.023   0.000  freq_div/Mcount_cnt_cy<8> (freq_div/Mcount_cnt_cy<8>)
     MUXCY:CI->O           1   0.023   0.000  freq_div/Mcount_cnt_cy<9> (freq_div/Mcount_cnt_cy<9>)
     MUXCY:CI->O           1   0.023   0.000  freq_div/Mcount_cnt_cy<10> (freq_div/Mcount_cnt_cy<10>)
     MUXCY:CI->O           1   0.023   0.000  freq_div/Mcount_cnt_cy<11> (freq_div/Mcount_cnt_cy<11>)
     MUXCY:CI->O           1   0.023   0.000  freq_div/Mcount_cnt_cy<12> (freq_div/Mcount_cnt_cy<12>)
     MUXCY:CI->O           1   0.023   0.000  freq_div/Mcount_cnt_cy<13> (freq_div/Mcount_cnt_cy<13>)
     MUXCY:CI->O           1   0.023   0.000  freq_div/Mcount_cnt_cy<14> (freq_div/Mcount_cnt_cy<14>)
     MUXCY:CI->O           1   0.023   0.000  freq_div/Mcount_cnt_cy<15> (freq_div/Mcount_cnt_cy<15>)
     MUXCY:CI->O           1   0.023   0.000  freq_div/Mcount_cnt_cy<16> (freq_div/Mcount_cnt_cy<16>)
     MUXCY:CI->O           1   0.023   0.000  freq_div/Mcount_cnt_cy<17> (freq_div/Mcount_cnt_cy<17>)
     MUXCY:CI->O           1   0.023   0.000  freq_div/Mcount_cnt_cy<18> (freq_div/Mcount_cnt_cy<18>)
     MUXCY:CI->O           1   0.023   0.000  freq_div/Mcount_cnt_cy<19> (freq_div/Mcount_cnt_cy<19>)
     MUXCY:CI->O           1   0.023   0.000  freq_div/Mcount_cnt_cy<20> (freq_div/Mcount_cnt_cy<20>)
     MUXCY:CI->O           1   0.023   0.000  freq_div/Mcount_cnt_cy<21> (freq_div/Mcount_cnt_cy<21>)
     MUXCY:CI->O           1   0.023   0.000  freq_div/Mcount_cnt_cy<22> (freq_div/Mcount_cnt_cy<22>)
     MUXCY:CI->O           1   0.023   0.000  freq_div/Mcount_cnt_cy<23> (freq_div/Mcount_cnt_cy<23>)
     MUXCY:CI->O           1   0.023   0.000  freq_div/Mcount_cnt_cy<24> (freq_div/Mcount_cnt_cy<24>)
     MUXCY:CI->O           1   0.023   0.000  freq_div/Mcount_cnt_cy<25> (freq_div/Mcount_cnt_cy<25>)
     MUXCY:CI->O           0   0.023   0.000  freq_div/Mcount_cnt_cy<26> (freq_div/Mcount_cnt_cy<26>)
     XORCY:CI->O           1   0.206   0.000  freq_div/Mcount_cnt_xor<27> (freq_div/Mcount_cnt27)
     FDC:D                     0.074          freq_div/cnt_27
    ----------------------------------------
    Total                      5.630ns (2.195ns logic, 3.435ns route)
                                       (39.0% logic, 61.0% route)

=========================================================================
Timing constraint: Default OFFSET IN BEFORE for Clock 'freq_div/clk_1hz'
  Total number of paths / destination ports: 4 / 4
-------------------------------------------------------------------------
Offset:              4.242ns (Levels of Logic = 2)
  Source:            rst (PAD)
  Destination:       counter1/count_1_0 (FF)
  Destination Clock: freq_div/clk_1hz rising

  Data Path: rst to counter1/count_1_0
                                Gate     Net
    Cell:in->out      fanout   Delay   Delay  Logical Name (Net Name)
    ----------------------------------------  ------------
     IBUF:I->O             1   1.328   0.681  rst_IBUF (rst_IBUF)
     INV:I->O             32   0.255   1.519  rst_inv1_INV_0 (freq_div/reset_n_inv)
     FDC:CLR                   0.459          counter1/count_1_0
    ----------------------------------------
    Total                      4.242ns (2.042ns logic, 2.200ns route)
                                       (48.1% logic, 51.9% route)

=========================================================================
Timing constraint: Default OFFSET IN BEFORE for Clock 'clk'
  Total number of paths / destination ports: 28 / 28
-------------------------------------------------------------------------
Offset:              4.242ns (Levels of Logic = 2)
  Source:            rst (PAD)
  Destination:       freq_div/cnt_27 (FF)
  Destination Clock: clk rising

  Data Path: rst to freq_div/cnt_27
                                Gate     Net
    Cell:in->out      fanout   Delay   Delay  Logical Name (Net Name)
    ----------------------------------------  ------------
     IBUF:I->O             1   1.328   0.681  rst_IBUF (rst_IBUF)
     INV:I->O             32   0.255   1.519  rst_inv1_INV_0 (freq_div/reset_n_inv)
     FDC:CLR                   0.459          freq_div/cnt_0
    ----------------------------------------
    Total                      4.242ns (2.042ns logic, 2.200ns route)
                                       (48.1% logic, 51.9% route)

=========================================================================
Timing constraint: Default OFFSET OUT AFTER for Clock 'freq_div/clk_1hz'
  Total number of paths / destination ports: 5 / 5
-------------------------------------------------------------------------
Offset:              4.312ns (Levels of Logic = 1)
  Source:            counter1/count_1_0 (FF)
  Destination:       count_1 (PAD)
  Source Clock:      freq_div/clk_1hz rising

  Data Path: counter1/count_1_0 to count_1
                                Gate     Net
    Cell:in->out      fanout   Delay   Delay  Logical Name (Net Name)
    ----------------------------------------  ------------
     FDC:C->Q              6   0.525   0.875  counter1/count_1_0 (counter1/count_1_0)
     OBUF:I->O                 2.912          count_1_OBUF (count_1)
    ----------------------------------------
    Total                      4.312ns (3.437ns logic, 0.875ns route)
                                       (79.7% logic, 20.3% route)

=========================================================================

Cross Clock Domains Report:
--------------------------

Clock to Setup on destination clock clk
---------------+---------+---------+---------+---------+
               | Src:Rise| Src:Fall| Src:Rise| Src:Fall|
Source Clock   |Dest:Rise|Dest:Rise|Dest:Fall|Dest:Fall|
---------------+---------+---------+---------+---------+
clk            |    5.630|         |         |         |
---------------+---------+---------+---------+---------+

Clock to Setup on destination clock freq_div/clk_1hz
----------------+---------+---------+---------+---------+
                | Src:Rise| Src:Fall| Src:Rise| Src:Fall|
Source Clock    |Dest:Rise|Dest:Rise|Dest:Fall|Dest:Fall|
----------------+---------+---------+---------+---------+
freq_div/clk_1hz|    2.005|         |         |         |
----------------+---------+---------+---------+---------+

Clock to Setup on destination clock freq_div/clk_1hz_G
---------------+---------+---------+---------+---------+
               | Src:Rise| Src:Fall| Src:Rise| Src:Fall|
Source Clock   |Dest:Rise|Dest:Rise|Dest:Fall|Dest:Fall|
---------------+---------+---------+---------+---------+
clk            |         |         |    4.625|         |
---------------+---------+---------+---------+---------+

=========================================================================


Total REAL time to Xst completion: 5.00 secs
Total CPU time to Xst completion: 5.13 secs
 
--> 

Total memory usage is 4522696 kilobytes

Number of errors   :    0 (   0 filtered)
Number of warnings :    5 (   0 filtered)
Number of infos    :    1 (   0 filtered)

